<?xml version="1.0" encoding="UTF-8"?>
<!-- Generated by org.testng.reporters.JUnitXMLReporter -->
<testsuite hostname="LAPTOP-OL3GGV0J" ignored="0" name="Command line test" tests="6" failures="0" timestamp="2019-01-21T18:23:24 IST" time="0.093" errors="0">
  <testcase name="closeapp" time="0.01" classname="com.suhail.mavenproject.AppiumTest"/>
  <testcase name="opennativeapp" time="0.0" classname="com.suhail.mavenproject.AppiumTest"/>
  <testcase name="EndApi" time="0.0" classname="com.suhail.mavenproject.RestAPITest"/>
  <testcase name="invokeapi" time="0.0" classname="com.suhail.mavenproject.RestAPITest"/>
  <testcase name="browseropen" time="0.004" classname="com.suhail.mavenproject.SeleniumTest"/>
  <testcase name="signin" time="0.0" classname="com.suhail.mavenproject.SeleniumTest"/>
</testsuite> <!-- Command line test -->
