<?xml version="1.0" encoding="UTF-8"?>
<testng-results skipped="0" failed="0" ignored="0" total="2" passed="2">
  <reporter-output>
  </reporter-output>
  <suite name="com.suhail.mavenproject.AppiumTest" duration-ms="103" started-at="2019-01-22T13:24:18 IST" finished-at="2019-01-22T13:24:18 IST">
    <groups>
    </groups>
    <test name="Command line test" duration-ms="103" started-at="2019-01-22T13:24:18 IST" finished-at="2019-01-22T13:24:18 IST">
      <class name="com.suhail.mavenproject.AppiumTest">
        <test-method status="PASS" signature="closeapp()[pri:0, instance:com.suhail.mavenproject.AppiumTest@402f32ff]" name="closeapp" duration-ms="12" started-at="2019-01-22T13:24:18 IST" finished-at="2019-01-22T13:24:18 IST">
          <reporter-output>
          </reporter-output>
        </test-method> <!-- closeapp -->
        <test-method status="PASS" signature="opennativeapp()[pri:0, instance:com.suhail.mavenproject.AppiumTest@402f32ff]" name="opennativeapp" duration-ms="0" started-at="2019-01-22T13:24:18 IST" finished-at="2019-01-22T13:24:18 IST">
          <reporter-output>
          </reporter-output>
        </test-method> <!-- opennativeapp -->
      </class> <!-- com.suhail.mavenproject.AppiumTest -->
    </test> <!-- Command line test -->
  </suite> <!-- com.suhail.mavenproject.AppiumTest -->
</testng-results>
