<?xml version="1.0" encoding="UTF-8"?>
<testsuite xmlns:xsi="http://www.w3.org/2001/XMLSchema-instance" xsi:noNamespaceSchemaLocation="https://maven.apache.org/surefire/maven-surefire-plugin/xsd/surefire-test-report-3.0.xsd" version="3.0" name="TestSuite" time="4.42" tests="7" errors="0" skipped="0" failures="0">
  <properties>
[...]
</properties>
  <testcase name="browseropen" classname="com.suhail.mavenproject.SeleniumTest" time="0.021"/>
  <testcase name="signin" classname="com.suhail.mavenproject.SeleniumTest" time="0"/>
  <testcase name="EndApi" classname="com.suhail.mavenproject.RestAPITest" time="0.004"/>
  <testcase name="invokeapi" classname="com.suhail.mavenproject.RestAPITest" time="0.003"/>
  <testcase name="closeapp" classname="com.suhail.mavenproject.AppiumTest" time="0.002"/>
  <testcase name="opennativeapp" classname="com.suhail.mavenproject.AppiumTest" time="0.001"/>
  <testcase name="Collection_Api" classname="com.suhail.mavenproject.JavaTest" time="0.002"/>
</testsuite>