<?xml version="1.0" encoding="UTF-8"?>
<!-- Generated by org.testng.reporters.JUnitXMLReporter -->
<testsuite hostname="LAPTOP-OL3GGV0J" ignored="0" name="Test" tests="7" failures="0" timestamp="2019-01-28T16:55:37 IST" time="0.075" errors="0">
  <testcase name="browseropen" time="0.008" classname="com.suhail.mavenproject.SeleniumTest"/>
  <testcase name="signin" time="0.0" classname="com.suhail.mavenproject.SeleniumTest"/>
  <testcase name="EndApi" time="0.0" classname="com.suhail.mavenproject.RestAPITest"/>
  <testcase name="invokeapi" time="0.001" classname="com.suhail.mavenproject.RestAPITest"/>
  <testcase name="closeapp" time="0.0" classname="com.suhail.mavenproject.AppiumTest"/>
  <testcase name="opennativeapp" time="0.0" classname="com.suhail.mavenproject.AppiumTest"/>
  <testcase name="Collection_Api" time="0.0" classname="com.suhail.mavenproject.JavaTest"/>
</testsuite> <!-- Test -->
